Base path: C:/Program Files (x86)/Unity/Editor/Data
Pipe name: \\.\pipe\UnityShaderCompiler-3-1512
Cmd: getPlatforms
Cmd: compileSnippet
  api=9 type=0 insize=13395 outsize=4547 kw=DIRECTIONAL LIGHTMAP_OFF DIRLIGHTMAP_OFF PORTRAIT_ON ok=1
Cmd: compileSnippet
  api=9 type=0 insize=13395 outsize=5633 kw=DIRECTIONAL LIGHTMAP_OFF DIRLIGHTMAP_OFF VERTEXLIGHT_ON PORTRAIT_ON ok=1
Cmd: compileSnippet
  api=5 type=0 insize=13395 outsize=2795 kw=DIRECTIONAL LIGHTMAP_ON DIRLIGHTMAP_ON PORTRAIT_OFF ok=1
Cmd: compileSnippet
  api=5 type=1 insize=13395 outsize=6 kw=DIRECTIONAL LIGHTMAP_ON DIRLIGHTMAP_OFF PORTRAIT_ON ok=1
Cmd: compileSnippet
  api=5 type=1 insize=13395 outsize=6 kw=DIRECTIONAL LIGHTMAP_OFF DIRLIGHTMAP_OFF PORTRAIT_OFF ok=1
Cmd: compileSnippet
  api=9 type=1 insize=13395 outsize=7 kw=DIRECTIONAL LIGHTMAP_ON DIRLIGHTMAP_ON PORTRAIT_OFF ok=1
Cmd: compileSnippet
  api=9 type=0 insize=9252 outsize=3680 kw=POINT PORTRAIT_ON ok=1
Cmd: compileSnippet
  api=5 type=0 insize=9252 outsize=3792 kw=POINT_COOKIE PORTRAIT_ON ok=1
Cmd: compileSnippet
  api=9 type=0 insize=9252 outsize=3680 kw=POINT PORTRAIT_OFF ok=1
Cmd: compileSnippet
  api=5 type=0 insize=9252 outsize=3933 kw=SPOT PORTRAIT_OFF ok=1
Cmd: compileSnippet
  api=5 type=0 insize=9252 outsize=3520 kw=DIRECTIONAL_COOKIE PORTRAIT_OFF ok=1
Cmd: compileSnippet
  api=5 type=1 insize=9252 outsize=6 kw=DIRECTIONAL PORTRAIT_ON ok=1
Cmd: compileSnippet
  api=5 type=1 insize=9252 outsize=6 kw=SPOT PORTRAIT_ON ok=1
Cmd: compileSnippet
  api=9 type=1 insize=9252 outsize=7 kw=DIRECTIONAL_COOKIE PORTRAIT_ON ok=1
Cmd: compileSnippet
  api=9 type=1 insize=9252 outsize=7 kw=DIRECTIONAL PORTRAIT_OFF ok=1
Cmd: compileSnippet
  api=9 type=1 insize=9252 outsize=7 kw=POINT_COOKIE PORTRAIT_OFF ok=1
Unhandled exception: Readfile from pipe failed. GLE=The pipe has been ended.


Quitting shader compiler process
